Analysis & Synthesis report for Part4
Wed Apr 25 15:11:25 2018
Quartus Prime Version 17.0.0 Build 595 04/25/2017 SJ Lite Edition


---------------------
; Table of Contents ;
---------------------
  1. Legal Notice
  2. Analysis & Synthesis Summary
  3. Analysis & Synthesis Settings
  4. Analysis & Synthesis Source Files Read
  5. Analysis & Synthesis Resource Usage Summary
  6. Analysis & Synthesis Resource Utilization by Entity
  7. General Register Statistics
  8. Port Connectivity Checks: "HexHEXI:H5"
  9. Port Connectivity Checks: "HexHEXI:H4"
 10. Port Connectivity Checks: "Bin_to_BCD:G1"
 11. Port Connectivity Checks: "HexHEXI:H3"
 12. Port Connectivity Checks: "HexHEXI:H2"
 13. Port Connectivity Checks: "Bin_to_BCD:G0"
 14. Port Connectivity Checks: "BCD_Add:B1|Four_Bit_Ripple_Carry_Adder:A1"
 15. Port Connectivity Checks: "BCD_Add:B1"
 16. Post-Synthesis Netlist Statistics for Top Partition
 17. Elapsed Time Per Partition
 18. Analysis & Synthesis Messages



----------------
; Legal Notice ;
----------------
Copyright (C) 2017  Intel Corporation. All rights reserved.
Your use of Intel Corporation's design tools, logic functions 
and other software and tools, and its AMPP partner logic 
functions, and any output files from any of the foregoing 
(including device programming or simulation files), and any 
associated documentation or information are expressly subject 
to the terms and conditions of the Intel Program License 
Subscription Agreement, the Intel Quartus Prime License Agreement,
the Intel MegaCore Function License Agreement, or other 
applicable license agreement, including, without limitation, 
that your use is for the sole purpose of programming logic 
devices manufactured by Intel and sold by Intel or its 
authorized distributors.  Please refer to the applicable 
agreement for further details.



+----------------------------------------------------------------------------------+
; Analysis & Synthesis Summary                                                     ;
+------------------------------------+---------------------------------------------+
; Analysis & Synthesis Status        ; Successful - Wed Apr 25 15:11:25 2018       ;
; Quartus Prime Version              ; 17.0.0 Build 595 04/25/2017 SJ Lite Edition ;
; Revision Name                      ; Part4                                       ;
; Top-level Entity Name              ; Part4                                       ;
; Family                             ; Cyclone IV E                                ;
; Total logic elements               ; 7                                           ;
;     Total combinational functions  ; 7                                           ;
;     Dedicated logic registers      ; 0                                           ;
; Total registers                    ; 0                                           ;
; Total pins                         ; 79                                          ;
; Total virtual pins                 ; 0                                           ;
; Total memory bits                  ; 0                                           ;
; Embedded Multiplier 9-bit elements ; 0                                           ;
; Total PLLs                         ; 0                                           ;
+------------------------------------+---------------------------------------------+


+----------------------------------------------------------------------------------------------------------------------+
; Analysis & Synthesis Settings                                                                                        ;
+----------------------------------------------------------------------------+--------------------+--------------------+
; Option                                                                     ; Setting            ; Default Value      ;
+----------------------------------------------------------------------------+--------------------+--------------------+
; Device                                                                     ; EP4CE115F29C7      ;                    ;
; Top-level entity name                                                      ; Part4              ; Part4              ;
; Family name                                                                ; Cyclone IV E       ; Cyclone V          ;
; Use smart compilation                                                      ; Off                ; Off                ;
; Enable parallel Assembler and TimeQuest Timing Analyzer during compilation ; On                 ; On                 ;
; Enable compact report table                                                ; Off                ; Off                ;
; Restructure Multiplexers                                                   ; Auto               ; Auto               ;
; Create Debugging Nodes for IP Cores                                        ; Off                ; Off                ;
; Preserve fewer node names                                                  ; On                 ; On                 ;
; OpenCore Plus hardware evaluation                                          ; Enable             ; Enable             ;
; Verilog Version                                                            ; Verilog_2001       ; Verilog_2001       ;
; VHDL Version                                                               ; VHDL_1993          ; VHDL_1993          ;
; State Machine Processing                                                   ; Auto               ; Auto               ;
; Safe State Machine                                                         ; Off                ; Off                ;
; Extract Verilog State Machines                                             ; On                 ; On                 ;
; Extract VHDL State Machines                                                ; On                 ; On                 ;
; Ignore Verilog initial constructs                                          ; Off                ; Off                ;
; Iteration limit for constant Verilog loops                                 ; 5000               ; 5000               ;
; Iteration limit for non-constant Verilog loops                             ; 250                ; 250                ;
; Add Pass-Through Logic to Inferred RAMs                                    ; On                 ; On                 ;
; Infer RAMs from Raw Logic                                                  ; On                 ; On                 ;
; Parallel Synthesis                                                         ; On                 ; On                 ;
; DSP Block Balancing                                                        ; Auto               ; Auto               ;
; NOT Gate Push-Back                                                         ; On                 ; On                 ;
; Power-Up Don't Care                                                        ; On                 ; On                 ;
; Remove Redundant Logic Cells                                               ; Off                ; Off                ;
; Remove Duplicate Registers                                                 ; On                 ; On                 ;
; Ignore CARRY Buffers                                                       ; Off                ; Off                ;
; Ignore CASCADE Buffers                                                     ; Off                ; Off                ;
; Ignore GLOBAL Buffers                                                      ; Off                ; Off                ;
; Ignore ROW GLOBAL Buffers                                                  ; Off                ; Off                ;
; Ignore LCELL Buffers                                                       ; Off                ; Off                ;
; Ignore SOFT Buffers                                                        ; On                 ; On                 ;
; Limit AHDL Integers to 32 Bits                                             ; Off                ; Off                ;
; Optimization Technique                                                     ; Balanced           ; Balanced           ;
; Carry Chain Length                                                         ; 70                 ; 70                 ;
; Auto Carry Chains                                                          ; On                 ; On                 ;
; Auto Open-Drain Pins                                                       ; On                 ; On                 ;
; Perform WYSIWYG Primitive Resynthesis                                      ; Off                ; Off                ;
; Auto ROM Replacement                                                       ; On                 ; On                 ;
; Auto RAM Replacement                                                       ; On                 ; On                 ;
; Auto DSP Block Replacement                                                 ; On                 ; On                 ;
; Auto Shift Register Replacement                                            ; Auto               ; Auto               ;
; Allow Shift Register Merging across Hierarchies                            ; Auto               ; Auto               ;
; Auto Clock Enable Replacement                                              ; On                 ; On                 ;
; Strict RAM Replacement                                                     ; Off                ; Off                ;
; Allow Synchronous Control Signals                                          ; On                 ; On                 ;
; Force Use of Synchronous Clear Signals                                     ; Off                ; Off                ;
; Auto RAM Block Balancing                                                   ; On                 ; On                 ;
; Auto RAM to Logic Cell Conversion                                          ; Off                ; Off                ;
; Auto Resource Sharing                                                      ; Off                ; Off                ;
; Allow Any RAM Size For Recognition                                         ; Off                ; Off                ;
; Allow Any ROM Size For Recognition                                         ; Off                ; Off                ;
; Allow Any Shift Register Size For Recognition                              ; Off                ; Off                ;
; Use LogicLock Constraints during Resource Balancing                        ; On                 ; On                 ;
; Ignore translate_off and synthesis_off directives                          ; Off                ; Off                ;
; Timing-Driven Synthesis                                                    ; On                 ; On                 ;
; Report Parameter Settings                                                  ; On                 ; On                 ;
; Report Source Assignments                                                  ; On                 ; On                 ;
; Report Connectivity Checks                                                 ; On                 ; On                 ;
; Ignore Maximum Fan-Out Assignments                                         ; Off                ; Off                ;
; Synchronization Register Chain Length                                      ; 2                  ; 2                  ;
; PowerPlay Power Optimization During Synthesis                              ; Normal compilation ; Normal compilation ;
; HDL message level                                                          ; Level2             ; Level2             ;
; Suppress Register Optimization Related Messages                            ; Off                ; Off                ;
; Number of Removed Registers Reported in Synthesis Report                   ; 5000               ; 5000               ;
; Number of Swept Nodes Reported in Synthesis Report                         ; 5000               ; 5000               ;
; Number of Inverted Registers Reported in Synthesis Report                  ; 100                ; 100                ;
; Clock MUX Protection                                                       ; On                 ; On                 ;
; Auto Gated Clock Conversion                                                ; Off                ; Off                ;
; Block Design Naming                                                        ; Auto               ; Auto               ;
; SDC constraint protection                                                  ; Off                ; Off                ;
; Synthesis Effort                                                           ; Auto               ; Auto               ;
; Shift Register Replacement - Allow Asynchronous Clear Signal               ; On                 ; On                 ;
; Pre-Mapping Resynthesis Optimization                                       ; Off                ; Off                ;
; Analysis & Synthesis Message Level                                         ; Medium             ; Medium             ;
; Disable Register Merging Across Hierarchies                                ; Auto               ; Auto               ;
; Resource Aware Inference For Block RAM                                     ; On                 ; On                 ;
+----------------------------------------------------------------------------+--------------------+--------------------+


+---------------------------------------------------------------------------------------------------------------------------------------------------------+
; Analysis & Synthesis Source Files Read                                                                                                                  ;
+----------------------------------+-----------------+------------------------------------+-----------------------------------------------------+---------+
; File Name with User-Entered Path ; Used in Netlist ; File Type                          ; File Name with Absolute Path                        ; Library ;
+----------------------------------+-----------------+------------------------------------+-----------------------------------------------------+---------+
; Part4.sv                         ; yes             ; User SystemVerilog HDL File        ; E:/TCES330/HW2/Part4/Part4.sv                       ;         ;
; HexHEXI.sv                       ; yes             ; User SystemVerilog HDL File        ; E:/TCES330/HW2/Part4/HexHEXI.sv                     ;         ;
; Full_Adder.sv                    ; yes             ; User SystemVerilog HDL File        ; E:/TCES330/HW2/Part4/Full_Adder.sv                  ;         ;
; Four_Bit_Ripple_Carry_Adder.sv   ; yes             ; User SystemVerilog HDL File        ; E:/TCES330/HW2/Part4/Four_Bit_Ripple_Carry_Adder.sv ;         ;
; BCD_Add.sv                       ; yes             ; User SystemVerilog HDL File        ; E:/TCES330/HW2/Part4/BCD_Add.sv                     ;         ;
; bin_to_bcd.sv                    ; yes             ; Auto-Found SystemVerilog HDL File  ; E:/TCES330/HW2/Part4/bin_to_bcd.sv                  ;         ;
+----------------------------------+-----------------+------------------------------------+-----------------------------------------------------+---------+


+-----------------------------------------------------------+
; Analysis & Synthesis Resource Usage Summary               ;
+---------------------------------------------+-------------+
; Resource                                    ; Usage       ;
+---------------------------------------------+-------------+
; Estimated Total logic elements              ; 7           ;
;                                             ;             ;
; Total combinational functions               ; 7           ;
; Logic element usage by number of LUT inputs ;             ;
;     -- 4 input functions                    ; 1           ;
;     -- 3 input functions                    ; 6           ;
;     -- <=2 input functions                  ; 0           ;
;                                             ;             ;
; Logic elements by mode                      ;             ;
;     -- normal mode                          ; 7           ;
;     -- arithmetic mode                      ; 0           ;
;                                             ;             ;
; Total registers                             ; 0           ;
;     -- Dedicated logic registers            ; 0           ;
;     -- I/O registers                        ; 0           ;
;                                             ;             ;
; I/O pins                                    ; 79          ;
;                                             ;             ;
; Embedded Multiplier 9-bit elements          ; 0           ;
;                                             ;             ;
; Maximum fan-out node                        ; SW[0]~input ;
; Maximum fan-out                             ; 14          ;
; Total fan-out                               ; 142         ;
; Average fan-out                             ; 0.86        ;
+---------------------------------------------+-------------+


+---------------------------------------------------------------------------------------------------------------------------------------------------------------------------------------------------------------------------------------------------------------------------------+
; Analysis & Synthesis Resource Utilization by Entity                                                                                                                                                                                                                             ;
+----------------------------------------+---------------------+---------------------------+-------------+--------------+---------+-----------+------+--------------+----------------------------------------------------------------+-----------------------------+--------------+
; Compilation Hierarchy Node             ; Combinational ALUTs ; Dedicated Logic Registers ; Memory Bits ; DSP Elements ; DSP 9x9 ; DSP 18x18 ; Pins ; Virtual Pins ; Full Hierarchy Name                                            ; Entity Name                 ; Library Name ;
+----------------------------------------+---------------------+---------------------------+-------------+--------------+---------+-----------+------+--------------+----------------------------------------------------------------+-----------------------------+--------------+
; |Part4                                 ; 7 (1)               ; 0 (0)                     ; 0           ; 0            ; 0       ; 0         ; 79   ; 0            ; |Part4                                                         ; Part4                       ; work         ;
;    |BCD_Add:B1|                        ; 2 (0)               ; 0 (0)                     ; 0           ; 0            ; 0       ; 0         ; 0    ; 0            ; |Part4|BCD_Add:B1                                              ; BCD_Add                     ; work         ;
;       |Four_Bit_Ripple_Carry_Adder:A1| ; 2 (0)               ; 0 (0)                     ; 0           ; 0            ; 0       ; 0         ; 0    ; 0            ; |Part4|BCD_Add:B1|Four_Bit_Ripple_Carry_Adder:A1               ; Four_Bit_Ripple_Carry_Adder ; work         ;
;          |Full_Adder:U0|               ; 2 (2)               ; 0 (0)                     ; 0           ; 0            ; 0       ; 0         ; 0    ; 0            ; |Part4|BCD_Add:B1|Four_Bit_Ripple_Carry_Adder:A1|Full_Adder:U0 ; Full_Adder                  ; work         ;
;    |Bin_to_BCD:G1|                     ; 1 (1)               ; 0 (0)                     ; 0           ; 0            ; 0       ; 0         ; 0    ; 0            ; |Part4|Bin_to_BCD:G1                                           ; Bin_to_BCD                  ; work         ;
;    |HexHEXI:H0|                        ; 3 (3)               ; 0 (0)                     ; 0           ; 0            ; 0       ; 0         ; 0    ; 0            ; |Part4|HexHEXI:H0                                              ; HexHEXI                     ; work         ;
+----------------------------------------+---------------------+---------------------------+-------------+--------------+---------+-----------+------+--------------+----------------------------------------------------------------+-----------------------------+--------------+
Note: For table entries with two numbers listed, the numbers in parentheses indicate the number of resources of the given type used by the specific entity alone. The numbers listed outside of parentheses indicate the total resources of the given type used by the specific entity and all of its sub-entities in the hierarchy.


+------------------------------------------------------+
; General Register Statistics                          ;
+----------------------------------------------+-------+
; Statistic                                    ; Value ;
+----------------------------------------------+-------+
; Total registers                              ; 0     ;
; Number of registers using Synchronous Clear  ; 0     ;
; Number of registers using Synchronous Load   ; 0     ;
; Number of registers using Asynchronous Clear ; 0     ;
; Number of registers using Asynchronous Load  ; 0     ;
; Number of registers using Clock Enable       ; 0     ;
; Number of registers using Preset             ; 0     ;
+----------------------------------------------+-------+


+---------------------------------------------------------------------------------------------------------------------------------------------------------------------+
; Port Connectivity Checks: "HexHEXI:H5"                                                                                                                              ;
+------+-------+----------+-------------------------------------------------------------------------------------------------------------------------------------------+
; Port ; Type  ; Severity ; Details                                                                                                                                   ;
+------+-------+----------+-------------------------------------------------------------------------------------------------------------------------------------------+
; S    ; Input ; Warning  ; Input port expression (1 bits) is smaller than the input port (4 bits) it drives.  Extra input bit(s) "S[3..1]" will be connected to GND. ;
+------+-------+----------+-------------------------------------------------------------------------------------------------------------------------------------------+


+---------------------------------------------------------------------------------------------------------------------------------------------------------------------+
; Port Connectivity Checks: "HexHEXI:H4"                                                                                                                              ;
+------+-------+----------+-------------------------------------------------------------------------------------------------------------------------------------------+
; Port ; Type  ; Severity ; Details                                                                                                                                   ;
+------+-------+----------+-------------------------------------------------------------------------------------------------------------------------------------------+
; S    ; Input ; Warning  ; Input port expression (1 bits) is smaller than the input port (4 bits) it drives.  Extra input bit(s) "S[3..1]" will be connected to GND. ;
+------+-------+----------+-------------------------------------------------------------------------------------------------------------------------------------------+


+---------------------------------------------------------------------------------------------------------------------------------------------------------------------------------------------------------------+
; Port Connectivity Checks: "Bin_to_BCD:G1"                                                                                                                                                                     ;
+------+--------+----------+------------------------------------------------------------------------------------------------------------------------------------------------------------------------------------+
; Port ; Type   ; Severity ; Details                                                                                                                                                                            ;
+------+--------+----------+------------------------------------------------------------------------------------------------------------------------------------------------------------------------------------+
; E    ; Output ; Warning  ; Output or bidir port (4 bits) is wider than the port expression (1 bits) it drives; bit(s) "E[3..1]" have no fanouts                                                               ;
; F    ; Output ; Warning  ; Output or bidir port (4 bits) is wider than the port expression (1 bits) it drives; bit(s) "F[3..1]" have no fanouts                                                               ;
; V    ; Input  ; Warning  ; Input port expression (18 bits) is wider than the input port (4 bits) it drives.  The 14 most-significant bit(s) in the expression will be dangling if they have no other fanouts. ;
+------+--------+----------+------------------------------------------------------------------------------------------------------------------------------------------------------------------------------------+


+---------------------------------------------------------------------------------------------------------------------------------------------------------------------+
; Port Connectivity Checks: "HexHEXI:H3"                                                                                                                              ;
+------+-------+----------+-------------------------------------------------------------------------------------------------------------------------------------------+
; Port ; Type  ; Severity ; Details                                                                                                                                   ;
+------+-------+----------+-------------------------------------------------------------------------------------------------------------------------------------------+
; S    ; Input ; Warning  ; Input port expression (1 bits) is smaller than the input port (4 bits) it drives.  Extra input bit(s) "S[3..1]" will be connected to GND. ;
+------+-------+----------+-------------------------------------------------------------------------------------------------------------------------------------------+


+---------------------------------------------------------------------------------------------------------------------------------------------------------------------+
; Port Connectivity Checks: "HexHEXI:H2"                                                                                                                              ;
+------+-------+----------+-------------------------------------------------------------------------------------------------------------------------------------------+
; Port ; Type  ; Severity ; Details                                                                                                                                   ;
+------+-------+----------+-------------------------------------------------------------------------------------------------------------------------------------------+
; S    ; Input ; Warning  ; Input port expression (1 bits) is smaller than the input port (4 bits) it drives.  Extra input bit(s) "S[3..1]" will be connected to GND. ;
+------+-------+----------+-------------------------------------------------------------------------------------------------------------------------------------------+


+---------------------------------------------------------------------------------------------------------------------------------------------------------------------------------------------------------------+
; Port Connectivity Checks: "Bin_to_BCD:G0"                                                                                                                                                                     ;
+------+--------+----------+------------------------------------------------------------------------------------------------------------------------------------------------------------------------------------+
; Port ; Type   ; Severity ; Details                                                                                                                                                                            ;
+------+--------+----------+------------------------------------------------------------------------------------------------------------------------------------------------------------------------------------+
; E    ; Output ; Warning  ; Output or bidir port (4 bits) is wider than the port expression (1 bits) it drives; bit(s) "E[3..1]" have no fanouts                                                               ;
; F    ; Output ; Warning  ; Output or bidir port (4 bits) is wider than the port expression (1 bits) it drives; bit(s) "F[3..1]" have no fanouts                                                               ;
; V    ; Input  ; Warning  ; Input port expression (18 bits) is wider than the input port (4 bits) it drives.  The 14 most-significant bit(s) in the expression will be dangling if they have no other fanouts. ;
+------+--------+----------+------------------------------------------------------------------------------------------------------------------------------------------------------------------------------------+


+--------------------------------------------------------------------------------------------------------------------------------------------------------------------------------------------------+
; Port Connectivity Checks: "BCD_Add:B1|Four_Bit_Ripple_Carry_Adder:A1"                                                                                                                            ;
+------+--------+----------+-----------------------------------------------------------------------------------------------------------------------------------------------------------------------+
; Port ; Type   ; Severity ; Details                                                                                                                                                               ;
+------+--------+----------+-----------------------------------------------------------------------------------------------------------------------------------------------------------------------+
; A    ; Input  ; Warning  ; Input port expression (1 bits) is smaller than the input port (4 bits) it drives.  Extra input bit(s) "A[3..1]" will be connected to GND.                             ;
; B    ; Input  ; Warning  ; Input port expression (1 bits) is smaller than the input port (4 bits) it drives.  Extra input bit(s) "B[3..1]" will be connected to GND.                             ;
; Cout ; Output ; Warning  ; Output or bidir port (1 bits) is smaller than the port expression (4 bits) it drives.  The 3 most-significant bit(s) in the port expression will be connected to GND. ;
+------+--------+----------+-----------------------------------------------------------------------------------------------------------------------------------------------------------------------+


+------------------------------------------------------------------------------------------------------------------------------------------------------------------------------------------------------------+
; Port Connectivity Checks: "BCD_Add:B1"                                                                                                                                                                     ;
+------+-------+----------+----------------------------------------------------------------------------------------------------------------------------------------------------------------------------------+
; Port ; Type  ; Severity ; Details                                                                                                                                                                          ;
+------+-------+----------+----------------------------------------------------------------------------------------------------------------------------------------------------------------------------------+
; A    ; Input ; Warning  ; Input port expression (4 bits) is wider than the input port (1 bits) it drives.  The 3 most-significant bit(s) in the expression will be dangling if they have no other fanouts. ;
; B    ; Input ; Warning  ; Input port expression (4 bits) is wider than the input port (1 bits) it drives.  The 3 most-significant bit(s) in the expression will be dangling if they have no other fanouts. ;
+------+-------+----------+----------------------------------------------------------------------------------------------------------------------------------------------------------------------------------+


+-----------------------------------------------------+
; Post-Synthesis Netlist Statistics for Top Partition ;
+-----------------------+-----------------------------+
; Type                  ; Count                       ;
+-----------------------+-----------------------------+
; boundary_port         ; 79                          ;
; cycloneiii_lcell_comb ; 11                          ;
;     normal            ; 11                          ;
;         0 data inputs ; 2                           ;
;         1 data inputs ; 2                           ;
;         3 data inputs ; 6                           ;
;         4 data inputs ; 1                           ;
;                       ;                             ;
; Max LUT depth         ; 2.00                        ;
; Average LUT depth     ; 1.03                        ;
+-----------------------+-----------------------------+


+-------------------------------+
; Elapsed Time Per Partition    ;
+----------------+--------------+
; Partition Name ; Elapsed Time ;
+----------------+--------------+
; Top            ; 00:00:00     ;
+----------------+--------------+


+-------------------------------+
; Analysis & Synthesis Messages ;
+-------------------------------+
Info: *******************************************************************
Info: Running Quartus Prime Analysis & Synthesis
    Info: Version 17.0.0 Build 595 04/25/2017 SJ Lite Edition
    Info: Processing started: Wed Apr 25 15:10:59 2018
Info: Command: quartus_map --read_settings_files=on --write_settings_files=off Part4 -c Part4
Warning (18236): Number of processors has not been specified which may cause overloading on shared machines.  Set the global assignment NUM_PARALLEL_PROCESSORS in your QSF to an appropriate value for best performance.
Info (20029): Only one processor detected - disabling parallel compilation
Info (12021): Found 1 design units, including 1 entities, in source file part4.sv
    Info (12023): Found entity 1: Part4 File: E:/TCES330/HW2/Part4/Part4.sv Line: 1
Info (12021): Found 1 design units, including 1 entities, in source file hexhexi.sv
    Info (12023): Found entity 1: HexHEXI File: E:/TCES330/HW2/Part4/HexHEXI.sv Line: 4
Info (12021): Found 1 design units, including 1 entities, in source file full_adder.sv
    Info (12023): Found entity 1: Full_Adder File: E:/TCES330/HW2/Part4/Full_Adder.sv Line: 1
Info (12021): Found 1 design units, including 1 entities, in source file four_bit_ripple_carry_adder.sv
    Info (12023): Found entity 1: Four_Bit_Ripple_Carry_Adder File: E:/TCES330/HW2/Part4/Four_Bit_Ripple_Carry_Adder.sv Line: 1
Info (12021): Found 1 design units, including 1 entities, in source file bcd_add.sv
    Info (12023): Found entity 1: BCD_Add File: E:/TCES330/HW2/Part4/BCD_Add.sv Line: 1
Info (12127): Elaborating entity "Part4" for the top level hierarchy
Info (12128): Elaborating entity "BCD_Add" for hierarchy "BCD_Add:B1" File: E:/TCES330/HW2/Part4/Part4.sv Line: 14
Warning (10230): Verilog HDL assignment warning at BCD_Add.sv(24): truncated value with size 4 to match size of target (1) File: E:/TCES330/HW2/Part4/BCD_Add.sv Line: 24
Info (12128): Elaborating entity "Four_Bit_Ripple_Carry_Adder" for hierarchy "BCD_Add:B1|Four_Bit_Ripple_Carry_Adder:A1" File: E:/TCES330/HW2/Part4/BCD_Add.sv Line: 8
Info (12128): Elaborating entity "Full_Adder" for hierarchy "BCD_Add:B1|Four_Bit_Ripple_Carry_Adder:A1|Full_Adder:U0" File: E:/TCES330/HW2/Part4/Four_Bit_Ripple_Carry_Adder.sv Line: 15
Info (12128): Elaborating entity "HexHEXI" for hierarchy "HexHEXI:H0" File: E:/TCES330/HW2/Part4/Part4.sv Line: 17
Warning (12125): Using design file bin_to_bcd.sv, which is not specified as a design file for the current project, but contains definitions for 1 design units and 1 entities in project
    Info (12023): Found entity 1: Bin_to_BCD File: E:/TCES330/HW2/Part4/bin_to_bcd.sv Line: 4
Info (12128): Elaborating entity "Bin_to_BCD" for hierarchy "Bin_to_BCD:G0" File: E:/TCES330/HW2/Part4/Part4.sv Line: 20
Warning (10230): Verilog HDL assignment warning at bin_to_bcd.sv(25): truncated value with size 4 to match size of target (1) File: E:/TCES330/HW2/Part4/bin_to_bcd.sv Line: 25
Warning (12241): 8 hierarchies have connectivity warnings - see the Connectivity Checks report folder
Warning (13024): Output pins are stuck at VCC or GND
    Warning (13410): Pin "HEX7[6]" is stuck at VCC File: E:/TCES330/HW2/Part4/Part4.sv Line: 6
    Warning (13410): Pin "HEX7[2]" is stuck at GND File: E:/TCES330/HW2/Part4/Part4.sv Line: 6
    Warning (13410): Pin "HEX7[1]" is stuck at GND File: E:/TCES330/HW2/Part4/Part4.sv Line: 6
    Warning (13410): Pin "HEX6[6]" is stuck at VCC File: E:/TCES330/HW2/Part4/Part4.sv Line: 6
    Warning (13410): Pin "HEX6[2]" is stuck at GND File: E:/TCES330/HW2/Part4/Part4.sv Line: 6
    Warning (13410): Pin "HEX6[1]" is stuck at GND File: E:/TCES330/HW2/Part4/Part4.sv Line: 6
    Warning (13410): Pin "HEX5[6]" is stuck at VCC File: E:/TCES330/HW2/Part4/Part4.sv Line: 6
    Warning (13410): Pin "HEX5[2]" is stuck at GND File: E:/TCES330/HW2/Part4/Part4.sv Line: 6
    Warning (13410): Pin "HEX5[1]" is stuck at GND File: E:/TCES330/HW2/Part4/Part4.sv Line: 6
    Warning (13410): Pin "HEX4[6]" is stuck at VCC File: E:/TCES330/HW2/Part4/Part4.sv Line: 6
    Warning (13410): Pin "HEX4[2]" is stuck at GND File: E:/TCES330/HW2/Part4/Part4.sv Line: 6
    Warning (13410): Pin "HEX4[1]" is stuck at GND File: E:/TCES330/HW2/Part4/Part4.sv Line: 6
    Warning (13410): Pin "HEX1[6]" is stuck at VCC File: E:/TCES330/HW2/Part4/Part4.sv Line: 6
    Warning (13410): Pin "HEX1[5]" is stuck at GND File: E:/TCES330/HW2/Part4/Part4.sv Line: 6
    Warning (13410): Pin "HEX1[4]" is stuck at GND File: E:/TCES330/HW2/Part4/Part4.sv Line: 6
    Warning (13410): Pin "HEX1[3]" is stuck at GND File: E:/TCES330/HW2/Part4/Part4.sv Line: 6
    Warning (13410): Pin "HEX1[2]" is stuck at GND File: E:/TCES330/HW2/Part4/Part4.sv Line: 6
    Warning (13410): Pin "HEX1[1]" is stuck at GND File: E:/TCES330/HW2/Part4/Part4.sv Line: 6
    Warning (13410): Pin "HEX1[0]" is stuck at GND File: E:/TCES330/HW2/Part4/Part4.sv Line: 6
    Warning (13410): Pin "HEX0[1]" is stuck at GND File: E:/TCES330/HW2/Part4/Part4.sv Line: 6
Info (286030): Timing-Driven Synthesis is running
Info (16010): Generating hard_block partition "hard_block:auto_generated_inst"
    Info (16011): Adding 0 node(s), including 0 DDIO, 0 PLL, 0 transceiver and 0 LCELL
Info (21057): Implemented 86 device resources after synthesis - the final resource count might be different
    Info (21058): Implemented 18 input pins
    Info (21059): Implemented 61 output pins
    Info (21061): Implemented 7 logic cells
Info: Quartus Prime Analysis & Synthesis was successful. 0 errors, 26 warnings
    Info: Peak virtual memory: 616 megabytes
    Info: Processing ended: Wed Apr 25 15:11:25 2018
    Info: Elapsed time: 00:00:26
    Info: Total CPU time (on all processors): 00:00:20


